<html>
 <head> 
  <title>Selenium Test</title> 
  <style>table { font-family: arial, sans-serif; border-collapse: collapse; width: 100%; } td, th { border: 1px solid #dddddd; text-align: left; padding: 8px; } th { background-color: #dddddd; }</style> 
  <title>Selenium Test</title>
  <style>table { font-family: arial, sans-serif; border-collapse: collapse; width: 100%; } td, th { border: 1px solid #dddddd; text-align: left; padding: 8px; } th { background-color: #dddddd; }</style>
 </head> 
 <body> 
  <h1 align="center"><font face="verdana" color="green">Test Report</font></h1> 
  <table border="1" bordercolor="#000000" id="muthu" bgcolor="#F5A9BC"> 
   <tbody>
    <tr> 
     <th>TestId</th>
     <th>TestName</th>
     <th>TestResult</th>
     <th>Message</th> 
    </tr> 
    <tr> 
     <td>1</td>
     <td>beforeTest</td>
     <td>Failed</td>
     <td>org.openqa.selenium.WebDriverException: unknown error: Runtime.evaluate threw exception: SyntaxError: missing ) after argument list (Session info: chrome=78.0.3904.70) (Driver info: chromedriver=2.42.591088 (7b2b2dca23cca0862f674758c9a3933e685c27d5),platform=Windows NT 10.0.18362 x86_64) (WARNING: The server did not provide any stacktrace information) Command duration or timeout: 0 milliseconds Build info: version: '3.14.0', revision: 'aacccce0', time: '2018-08-02T20:19:58.91Z' System info: host: 'DESKTOP-K1LJIP1', ip: '192.168.0.103', os.name: 'Windows 10', os.arch: 'amd64', os.version: '10.0', java.version: '1.8.0_181' Driver info: org.openqa.selenium.chrome.ChromeDriver Capabilities {acceptInsecureCerts: false, acceptSslCerts: false, applicationCacheEnabled: false, browserConnectionEnabled: false, browserName: chrome, chrome: {chromedriverVersion: 2.42.591088 (7b2b2dca23cca0..., userDataDir: C:\Users\MUTHUK~1\AppData\L...}, cssSelectorsEnabled: true, databaseEnabled: false, goog:chromeOptions: {debuggerAddress: localhost:52558}, handlesAlerts: true, hasTouchScreen: false, javascriptEnabled: true, locationContextEnabled: true, mobileEmulationEnabled: false, nativeEvents: true, networkConnectionEnabled: false, pageLoadStrategy: normal, platform: XP, platformName: XP, rotatable: false, setWindowRect: true, takesHeapSnapshot: true, takesScreenshot: true, unexpectedAlertBehaviour: , unhandledPromptBehavior: , version: 78.0.3904.70, webStorageEnabled: true} Session ID: c768724946979eec8594054ca4d691dc</td> 
    </tr> 
   </tbody>
   <tr>
    <td>2<td>beforeTest<td>Failed<td>org.openqa.selenium.NoSuchElementException: no such element: Unable to locate element: {"method":"class name","selector":"gb_la"} (Session info: chrome=78.0.3904.70) (Driver info: chromedriver=2.42.591088 (7b2b2dca23cca0862f674758c9a3933e685c27d5),platform=Windows NT 10.0.18362 x86_64) (WARNING: The server did not provide any stacktrace information) Command duration or timeout: 0 milliseconds For documentation on this error, please visit: http://seleniumhq.org/exceptions/no_such_element.html Build info: version: '3.14.0', revision: 'aacccce0', time: '2018-08-02T20:19:58.91Z' System info: host: 'DESKTOP-K1LJIP1', ip: '192.168.0.103', os.name: 'Windows 10', os.arch: 'amd64', os.version: '10.0', java.version: '1.8.0_181' Driver info: org.openqa.selenium.chrome.ChromeDriver Capabilities {acceptInsecureCerts: false, acceptSslCerts: false, applicationCacheEnabled: false, browserConnectionEnabled: false, browserName: chrome, chrome: {chromedriverVersion: 2.42.591088 (7b2b2dca23cca0..., userDataDir: C:\Users\MUTHUK~1\AppData\L...}, cssSelectorsEnabled: true, databaseEnabled: false, goog:chromeOptions: {debuggerAddress: localhost:52558}, handlesAlerts: true, hasTouchScreen: false, javascriptEnabled: true, locationContextEnabled: true, mobileEmulationEnabled: false, nativeEvents: true, networkConnectionEnabled: false, pageLoadStrategy: normal, platform: XP, platformName: XP, rotatable: false, setWindowRect: true, takesHeapSnapshot: true, takesScreenshot: true, unexpectedAlertBehaviour: , unhandledPromptBehavior: , version: 78.0.3904.70, webStorageEnabled: true} Session ID: c768724946979eec8594054ca4d691dc *** Element info: {Using=class name, value=gb_la}</td></td></td></td>
   </tr>
  </table>  
 </body>
</html>